<?xml version="1.0" encoding="UTF-8"?>
<!-- Generated by org.testng.reporters.JUnitReportReporter -->
<testsuite hostname="Banshankari" name="org.prasanna.test.Registertestfact" tests="6" failures="0" timestamp="8 Apr 2015 18:17:18 GMT" time="118.046" errors="0">
  <testcase name="testwithcsvcreated" time="19.510" classname="org.prasanna.test.Registertestfact"/>
  <testcase name="testwithcsvcreated" time="18.730" classname="org.prasanna.test.Registertestfact"/>
  <testcase name="testwithcsvcreated" time="20.996" classname="org.prasanna.test.Registertestfact"/>
  <testcase name="testwithcsvcreated" time="18.981" classname="org.prasanna.test.Registertestfact"/>
  <testcase name="testwithcsvcreated" time="17.862" classname="org.prasanna.test.Registertestfact"/>
  <testcase name="testwithcsvcreated" time="21.967" classname="org.prasanna.test.Registertestfact"/>
</testsuite> <!-- org.prasanna.test.Registertestfact -->
