<?xml version="1.0" encoding="UTF-8"?>
<!-- Generated by org.testng.reporters.JUnitReportReporter -->
<testsuite hostname="Banshankari" name="org.prasanna.test.TestRegister" tests="2" failures="0" timestamp="7 Apr 2015 15:30:31 GMT" time="78.162" errors="0">
  <testcase name="Singuptest" time="39.653" classname="org.prasanna.test.TestRegister"/>
  <testcase name="Singuptest" time="38.509" classname="org.prasanna.test.TestRegister"/>
</testsuite> <!-- org.prasanna.test.TestRegister -->
