<?xml version="1.0" encoding="UTF-8"?>
<!-- Generated by org.testng.reporters.JUnitReportReporter -->
<testsuite hostname="Banshankari" name="org.prasanna.test.TestRegister" tests="1" failures="0" timestamp="6 Apr 2015 18:36:36 GMT" time="20.079" errors="0">
  <testcase name="Singuptest" time="20.079" classname="org.prasanna.test.TestRegister"/>
</testsuite> <!-- org.prasanna.test.TestRegister -->
